{"C:\\Users\\Chetan Gupta\\Desktop\\Mystuff\\NodeJs\\supercoders\\ChatApp2\\testcases.js": {"path":"C:\\Users\\Chetan Gupta\\Desktop\\Mystuff\\NodeJs\\supercoders\\ChatApp2\\testcases.js","all":false,"statementMap":{"0":{"start":{"line":1,"column":0},"end":{"line":1,"column":42}},"1":{"start":{"line":2,"column":0},"end":{"line":2,"column":10}},"2":{"start":{"line":3,"column":0},"end":{"line":3,"column":1}}},"s":{"0":1,"1":3,"2":3},"branchMap":{"0":{"type":"branch","line":1,"loc":{"start":{"line":1,"column":17},"end":{"line":3,"column":1}},"locations":[{"start":{"line":1,"column":17},"end":{"line":3,"column":1}}]}},"b":{"0":[3]},"fnMap":{"0":{"name":"addtwonum","decl":{"start":{"line":1,"column":17},"end":{"line":3,"column":1}},"loc":{"start":{"line":1,"column":17},"end":{"line":3,"column":1}},"line":1}},"f":{"0":3}}
}
